TAP version 13
tar: rootfs-amd64.tar.gz: Cannot open: No such file or directory
tar: Error is not recoverable: exiting now
ok 1 - state MUST generate an error if it is not provided the ID of a container
Refer to: https://github.com/opencontainers/runtime-spec/blob/v1.1.0/runtime.md#query-state
  ---
  {
    "error": "exit status 2",
    "reference": "https://github.com/opencontainers/runtime-spec/blob/v1.1.0/runtime.md#query-state"
  }
  ...
tar: rootfs-amd64.tar.gz: Cannot open: No such file or directory
tar: Error is not recoverable: exiting now
ok 2 - state MUST generate an error if a container that does not exist
Refer to: https://github.com/opencontainers/runtime-spec/blob/v1.1.0/runtime.md#query-state
  ---
  {
    "error": "exit status 2",
    "reference": "https://github.com/opencontainers/runtime-spec/blob/v1.1.0/runtime.md#query-state"
  }
  ...
tar: rootfs-amd64.tar.gz: Cannot open: No such file or directory
tar: Error is not recoverable: exiting now
not ok 3 - state MUST return the state of a container as specified in the State section
Refer to: https://github.com/opencontainers/runtime-spec/blob/v1.1.0/runtime.md#query-state
  ---
  {
    "error": "exit status 2",
    "reference": "https://github.com/opencontainers/runtime-spec/blob/v1.1.0/runtime.md#query-state"
  }
  ...
1..3
